[debug] ----------------------------------------------------------------------
[debug] Command:      C:\Program Files\nodejs\node.exe C:\Users\kevin\AppData\Roaming\npm\node_modules\node_modules\firebase-tools\bin\firebase serve
[debug] CLI Version:  3.9.0
[debug] Platform:     win32
[debug] Node Version: v6.10.3
[debug] Time:         Thu Jun 08 2017 13:10:06 GMT-0500 (Central Daylight Time)
[debug] ----------------------------------------------------------------------
[debug] 
[debug] > command requires scopes: ["email","openid","https://www.googleapis.com/auth/cloudplatformprojects.readonly","https://www.googleapis.com/auth/firebase","https://www.googleapis.com/auth/cloud-platform"]
[debug] > refreshing access token with scopes: ["email","https://www.googleapis.com/auth/cloud-platform","https://www.googleapis.com/auth/cloudplatformprojects.readonly","https://www.googleapis.com/auth/firebase","openid"]
[debug] >>> HTTP REQUEST POST https://www.googleapis.com/oauth2/v3/token { refresh_token: '1/faR4bRdrk0hRbf1asO9fkS7Zm_39qMr4XU21YECZdts',
  client_id: '563584335869-fgrhgmd47bqnekij5i8b5pr03ho849e6.apps.googleusercontent.com',
  client_secret: 'j9iVZfS8kkCEFUPaAeJV0sAi',
  grant_type: 'refresh_token',
  scope: 'email https://www.googleapis.com/auth/cloud-platform https://www.googleapis.com/auth/cloudplatformprojects.readonly https://www.googleapis.com/auth/firebase openid' } 
 Thu Jun 08 2017 13:10:06 GMT-0500 (Central Daylight Time)
[debug] <<< HTTP RESPONSE 200
[debug] >>> HTTP REQUEST GET https://admin.firebase.com/v1/projects/skunkworks-a6ee7  
 Thu Jun 08 2017 13:10:07 GMT-0500 (Central Daylight Time)
[debug] <<< HTTP RESPONSE 200
[debug] >>> HTTP REQUEST GET https://admin.firebase.com/v1/database/skunkworks-a6ee7/tokens  
 Thu Jun 08 2017 13:10:07 GMT-0500 (Central Daylight Time)
[debug] <<< HTTP RESPONSE 200
[info] 
[info] === Serving from 'C:\Users\kevin\Documents\sb-admin'...
[info] 
[debug] >>> HTTP REQUEST GET https://cloudresourcemanager.googleapis.com/v1/projects/skunkworks-a6ee7  
 Thu Jun 08 2017 13:10:08 GMT-0500 (Central Daylight Time)
[debug] <<< HTTP RESPONSE 200
[debug] >>> HTTP REQUEST GET https://mobilesdk-pa.googleapis.com/v1/projects/352364052723/clients/_:getWebAppConfig  
 Thu Jun 08 2017 13:10:08 GMT-0500 (Central Daylight Time)
[debug] <<< HTTP RESPONSE 200
[info] i  hosting: Serving hosting files from: dist
[info] +  hosting: Local server: http://localhost:5000

